<?xml version="1.0" encoding="UTF-8"?>
<!-- Generated by org.testng.reporters.JUnitReportReporter -->
<testsuite hostname="DESKTOP-2A8DDC6" failures="0" tests="1" name="parallel_execusion.Micromax" time="25.778" errors="0" timestamp="2023-02-08T09:52:22 GMT" skipped="0">
  <testcase classname="parallel_execusion.Micromax" name="micromax" time="25.778"/>
  <system-out/>
</testsuite> <!-- parallel_execusion.Micromax -->
