<?xml version="1.0" encoding="UTF-8"?>
<!-- Generated by org.testng.reporters.JUnitReportReporter -->
<testsuite hostname="DESKTOP-2A8DDC6" failures="1" tests="4" name="flifcart.Defencemethods" time="58.776" errors="0" timestamp="2023-02-08T08:55:07 GMT" skipped="0">
  <testcase classname="flifcart.Defencemethods" name="print" time="0.215"/>
  <system-out/>
  <testcase classname="flifcart.Defencemethods" name="mimobiles" time="24.654"/>
  <system-out/>
  <testcase classname="flifcart.Defencemethods" name="sumsung" time="13.192">
    <failure message="expected:&lt;vamshi&gt; but was:&lt;devireddy&gt;" type="java.lang.AssertionError">
      <![CDATA[java.lang.AssertionError: expected:<vamshi> but was:<devireddy>
at org.testng.AssertJUnit.assertEquals(AssertJUnit.java:115)
at org.testng.AssertJUnit.assertEquals(AssertJUnit.java:125)
at flifcart.Testcases.sumsung(Testcases.java:54)
at java.base/jdk.internal.reflect.DirectMethodHandleAccessor.invoke(DirectMethodHandleAccessor.java:104)
at java.base/java.lang.reflect.Method.invoke(Method.java:578)
at org.testng.internal.MethodInvocationHelper.invokeMethod(MethodInvocationHelper.java:133)
at org.testng.internal.TestInvoker.invokeMethod(TestInvoker.java:598)
at org.testng.internal.TestInvoker.invokeTestMethod(TestInvoker.java:173)
at org.testng.internal.MethodRunner.runInSequence(MethodRunner.java:46)
at org.testng.internal.TestInvoker$MethodInvocationAgent.invoke(TestInvoker.java:824)
at org.testng.internal.TestInvoker.invokeTestMethods(TestInvoker.java:146)
at org.testng.internal.TestMethodWorker.invokeTestMethods(TestMethodWorker.java:146)
at org.testng.internal.TestMethodWorker.run(TestMethodWorker.java:128)
at java.base/java.util.concurrent.ThreadPoolExecutor.runWorker(ThreadPoolExecutor.java:1144)
at java.base/java.util.concurrent.ThreadPoolExecutor$Worker.run(ThreadPoolExecutor.java:642)
at java.base/java.lang.Thread.run(Thread.java:1589)
]]>
    </failure>
  </testcase> <!-- sumsung -->
  <system-out/>
  <testcase classname="flifcart.Defencemethods" name="micromax" time="20.715"/>
  <system-out/>
</testsuite> <!-- flifcart.Defencemethods -->
