<?xml version="1.0" encoding="UTF-8"?>
<!-- Generated by org.testng.reporters.JUnitReportReporter -->
<testsuite hostname="DESKTOP-2A8DDC6" failures="0" tests="1" name="parallel_execusion.flifcart" time="29.196" errors="0" timestamp="2023-02-08T09:52:22 GMT" skipped="0">
  <testcase classname="parallel_execusion.flifcart" name="mi" time="29.196"/>
  <system-out/>
</testsuite> <!-- parallel_execusion.flifcart -->
