<?xml version="1.0" encoding="UTF-8"?>
<!-- Generated by org.testng.reporters.JUnitReportReporter -->
<testsuite hostname="DESKTOP-2A8DDC6" failures="0" tests="1" name="Testng_practice.Testing3" time="9.797" errors="0" timestamp="2023-01-13T04:30:11 GMT" skipped="0">
  <testcase classname="Testng_practice.Testing3" name="Action" time="9.797"/>
  <system-out>
    <![CDATA[testcase numberActionstored
testcase numberActionexecuted]]>
  </system-out>
</testsuite> <!-- Testng_practice.Testing3 -->
