<?xml version="1.0" encoding="UTF-8"?>
<!-- Generated by org.testng.reporters.JUnitReportReporter -->
<testsuite hostname="DESKTOP-2A8DDC6" failures="0" tests="1" name="Testng_practice.Testing4" time="8.472" errors="0" timestamp="2023-01-13T04:25:17 GMT" skipped="0">
  <testcase classname="Testng_practice.Testing4" name="Uplodfile" time="8.472"/>
  <system-out/>
</testsuite> <!-- Testng_practice.Testing4 -->
