<?xml version="1.0" encoding="UTF-8"?>
<!-- Generated by org.testng.reporters.JUnitReportReporter -->
<testsuite hostname="DESKTOP-2A8DDC6" failures="0" tests="5" name="com.Magento.Testclasess" time="19.645" errors="0" timestamp="2023-05-31T17:00:33 IST" skipped="0">
  <testcase classname="com.Magento.Testclasess" name="Enterdata_inText_box" time="0.488"/>
  <system-out/>
  <testcase classname="com.Magento.Testclasess" name="SearchSymbal_Without_Data" time="3.711"/>
  <system-out/>
  <testcase classname="com.Magento.Testclasess" name="SearchSymbol_With_Data" time="3.201"/>
  <system-out/>
  <testcase classname="com.Magento.Testclasess" name="copey_And_Pase" time="9.279"/>
  <system-out/>
  <testcase classname="com.Magento.Testclasess" name="Min_data_inSearchBox" time="2.966"/>
  <system-out/>
</testsuite> <!-- com.Magento.Testclasess -->
