<?xml version="1.0" encoding="UTF-8"?>
<!-- Generated by org.testng.reporters.JUnitReportReporter -->
<testsuite hostname="DESKTOP-2A8DDC6" failures="0" tests="1" name="Testclass.Demo" time="0.102" errors="0" timestamp="2023-05-26T14:20:09 IST" skipped="0">
  <testcase classname="Testclass.Demo" name="test" time="0.102"/>
  <system-out/>
</testsuite> <!-- Testclass.Demo -->
