<?xml version="1.0" encoding="UTF-8"?>
<!-- Generated by org.testng.reporters.JUnitReportReporter -->
<testsuite skipped="0" hostname="DESKTOP-I1E13DA" name="com.great.gulf.qa.ui.allocations.GreatGulfSchedulesTest" tests="1" failures="0" timestamp="26 Apr 2023 14:01:03 GMT" time="49.280" errors="0">
  <testcase name="test" time="49.280" classname="com.great.gulf.qa.ui.allocations.GreatGulfSchedulesTest"/>
</testsuite> <!-- com.great.gulf.qa.ui.allocations.GreatGulfSchedulesTest -->
