<?xml version="1.0" encoding="UTF-8"?>
<!-- Generated by org.testng.reporters.JUnitReportReporter -->
<testsuite skipped="0" hostname="DESKTOP-I1E13DA" name="com.great.gulf.qa.ui.modules.GreatGulfSchedulesTest" tests="1" failures="0" timestamp="05 May 2023 06:09:23 GMT" time="153.512" errors="0">
  <testcase name="test" time="153.512" classname="com.great.gulf.qa.ui.modules.GreatGulfSchedulesTest"/>
</testsuite> <!-- com.great.gulf.qa.ui.modules.GreatGulfSchedulesTest -->
