<?xml version="1.0" encoding="UTF-8"?>
<!-- Generated by org.testng.reporters.JUnitReportReporter -->
<testsuite hostname="DESKTOP-I1E13DA" failures="0" tests="1" name="com.weichertwm.qa.testcases.WCWM_Adding_New_Customer" time="193.813" errors="0" timestamp="02 Aug 2023 15:00:08 GMT" skipped="0">
  <testcase classname="com.weichertwm.qa.testcases.WCWM_Adding_New_Customer" name="test" time="193.813"/>
</testsuite> <!-- com.weichertwm.qa.testcases.WCWM_Adding_New_Customer -->
