<?xml version="1.0" encoding="UTF-8"?>
<!-- Generated by org.testng.reporters.JUnitReportReporter -->
<testsuite skipped="0" hostname="DESKTOP-I1E13DA" name="com.great.gulf.qa.ui.allocations.GreatGulfLoginTest" tests="1" failures="0" timestamp="25 Apr 2023 14:49:51 GMT" time="27.312" errors="0">
  <testcase name="test" time="27.312" classname="com.great.gulf.qa.ui.allocations.GreatGulfLoginTest"/>
</testsuite> <!-- com.great.gulf.qa.ui.allocations.GreatGulfLoginTest -->
