<?xml version="1.0" encoding="UTF-8"?>
<!-- Generated by org.testng.reporters.JUnitReportReporter -->
<testsuite skipped="0" hostname="DESKTOP-I1E13DA" name="com.great.gulf.qa.ui.GG.DB1017_CS_ViewSchedulesTest" tests="1" failures="0" timestamp="09 May 2023 11:51:25 GMT" time="213.038" errors="0">
  <testcase name="test" time="213.038" classname="com.great.gulf.qa.ui.GG.DB1017_CS_ViewSchedulesTest"/>
</testsuite> <!-- com.great.gulf.qa.ui.GG.DB1017_CS_ViewSchedulesTest -->
