<?xml version="1.0" encoding="UTF-8"?>
<!-- Generated by org.testng.reporters.JUnitReportReporter -->
<testsuite skipped="0" hostname="DESKTOP-I1E13DA" name="com.great.gulf.qa.ui.allocations.GreatGulfChangeDivisionTest" tests="1" failures="0" timestamp="26 Apr 2023 05:46:34 GMT" time="40.568" errors="0">
  <testcase name="test" time="40.568" classname="com.great.gulf.qa.ui.allocations.GreatGulfChangeDivisionTest"/>
</testsuite> <!-- com.great.gulf.qa.ui.allocations.GreatGulfChangeDivisionTest -->
