<?xml version="1.0" encoding="UTF-8"?>
<!-- Generated by org.testng.reporters.JUnitReportReporter -->
<testsuite hostname="DESKTOP-2A8DDC6" failures="0" tests="1" name="com.weichertwm.qa.testcases.WCWM_Customer_Operations" time="361.924" errors="0" timestamp="07 Aug 2023 12:13:33 GMT" skipped="0">
  <testcase classname="com.weichertwm.qa.testcases.WCWM_Customer_Operations" name="test" time="361.924"/>
</testsuite> <!-- com.weichertwm.qa.testcases.WCWM_Customer_Operations -->
