<?xml version="1.0" encoding="UTF-8"?>
<!-- Generated by org.testng.reporters.JUnitReportReporter -->
<testsuite hostname="DESKTOP-I1E13DA" failures="0" tests="1" name="com.greatgulf.qa.testcases.VerifyLoginCredentials" time="24.356" errors="0" timestamp="31 May 2023 10:46:18 GMT" skipped="0">
  <testcase classname="com.greatgulf.qa.testcases.VerifyLoginCredentials" name="test" time="24.356"/>
</testsuite> <!-- com.greatgulf.qa.testcases.VerifyLoginCredentials -->
