<?xml version="1.0" encoding="UTF-8"?>
<!-- Generated by org.testng.reporters.JUnitReportReporter -->
<testsuite hostname="DESKTOP-I1E13DA" failures="0" tests="1" name="com.greatgulf.qa.testcases.DB1017_CS_View_Schedules" time="200.904" errors="0" timestamp="11 May 2023 17:37:15 GMT" skipped="0">
  <testcase classname="com.greatgulf.qa.testcases.DB1017_CS_View_Schedules" name="test" time="200.904"/>
</testsuite> <!-- com.greatgulf.qa.testcases.DB1017_CS_View_Schedules -->
