<?xml version="1.0" encoding="UTF-8"?>
<!-- Generated by org.testng.reporters.JUnitReportReporter -->
<testsuite hostname="DESKTOP-I1E13DA" failures="0" tests="1" name="com.weichertwm.qa.testcases.WCWM_Existing_Customer" time="170.731" errors="0" timestamp="02 Aug 2023 15:00:08 GMT" skipped="0">
  <testcase classname="com.weichertwm.qa.testcases.WCWM_Existing_Customer" name="test" time="170.731"/>
</testsuite> <!-- com.weichertwm.qa.testcases.WCWM_Existing_Customer -->
