<?xml version="1.0" encoding="UTF-8"?>
<!-- Generated by org.testng.reporters.JUnitReportReporter -->
<testsuite skipped="0" hostname="DESKTOP-I1E13DA" name="com.great.gulf.qa.ui.modules.DB1017_CS_ViewSchedulesTest" tests="1" failures="0" timestamp="08 May 2023 16:29:54 GMT" time="248.450" errors="0">
  <testcase name="test" time="248.450" classname="com.great.gulf.qa.ui.modules.DB1017_CS_ViewSchedulesTest"/>
</testsuite> <!-- com.great.gulf.qa.ui.modules.DB1017_CS_ViewSchedulesTest -->
