<?xml version="1.0" encoding="UTF-8"?>
<!-- Generated by org.testng.reporters.JUnitReportReporter -->
<testsuite hostname="DESKTOP-2A8DDC6" failures="0" tests="1" name="scelinium_Practice.Prctice" time="6.606" errors="0" timestamp="2023-01-31T10:48:25 GMT" skipped="0">
  <testcase classname="scelinium_Practice.Prctice" name="main" time="6.606"/>
  <system-out/>
</testsuite> <!-- scelinium_Practice.Prctice -->
