<?xml version="1.0" encoding="UTF-8"?>
<!-- Generated by org.testng.reporters.JUnitReportReporter -->
<testsuite hostname="DESKTOP-2A8DDC6" failures="0" tests="1" name="scelinium_Practice.Forms" time="10.038" errors="0" timestamp="2023-01-31T10:53:26 GMT" skipped="0">
  <testcase classname="scelinium_Practice.Forms" name="main" time="10.038"/>
  <system-out/>
</testsuite> <!-- scelinium_Practice.Forms -->
