<?xml version="1.0" encoding="UTF-8"?>
<!-- Generated by org.testng.reporters.JUnitReportReporter -->
<testsuite hostname="DESKTOP-2A8DDC6" failures="0" tests="1" name="scelinium_Practice.Flifcart" time="12.002" errors="0" timestamp="2023-02-01T05:14:56 GMT" skipped="0">
  <testcase classname="scelinium_Practice.Flifcart" name="main" time="12.002"/>
  <system-out/>
</testsuite> <!-- scelinium_Practice.Flifcart -->
